# JRE version: OpenJDK Runtime Environment Microsoft-13106404 (21.0.10+7) (build 21.0.10+7-LTS)
# Java VM: OpenJDK 64-Bit Server VM Microsoft-13106404 (21.0.10+7-LTS, mixed mode, emulated-client, sharing, tiered, compressed oops, compressed class ptrs, g1 gc, windows-amd64)
GC Precious Log:
 CardTable entry size: 512
 Card Set container configuration: InlinePtr #cards 4 size 8 Array Of Cards #cards 16 size 48 Howl #buckets 8 coarsen threshold 3686 Howl Bitmap #cards 512 size 80 coarsen threshold 460 Card regions per heap region 1 cards per card region 4096
 CPUs: 12 total, 12 available
 Memory: 15571M
 Large Page Support: Disabled
 NUMA Support: Disabled
 Compressed Oops: Enabled (Zero based)
 Heap Region Size: 2M
 Heap Min Capacity: 8M
 Heap Initial Capacity: 244M
 Heap Max Capacity: 3894M
 Pre-touch: Disabled
 Parallel Workers: 10
 Concurrent Workers: 3
 Concurrent Refinement Workers: 10
 Periodic GC: Disabled
Heap:
 garbage-first heap   total 83968K, used 33456K [0x00000004ddc00000, 0x00000005d1200000)
  region size 2048K, 2 young (4096K), 1 survivors (2048K)
 Metaspace       used 87863K, committed 89216K, reserved 1179648K
  class space    used 12809K, committed 13312K, reserved 1048576K
GC Heap History (20 events):
Event: 36151.297 GC heap before
{Heap before GC invocations=64 (full 0):
 garbage-first heap   total 83968K, used 75649K [0x00000004ddc00000, 0x00000005d1200000)
  region size 2048K, 21 young (43008K), 1 survivors (2048K)
 Metaspace       used 87862K, committed 89216K, reserved 1179648K
  class space    used 12808K, committed 13312K, reserved 1048576K
}
Event: 36151.324 GC heap after
{Heap after GC invocations=65 (full 0):
 garbage-first heap   total 83968K, used 34112K [0x00000004ddc00000, 0x00000005d1200000)
  region size 2048K, 1 young (2048K), 1 survivors (2048K)
 Metaspace       used 87862K, committed 89216K, reserved 1179648K
  class space    used 12808K, committed 13312K, reserved 1048576K
}
Event: 36696.748 GC heap before
{Heap before GC invocations=65 (full 0):
 garbage-first heap   total 83968K, used 75072K [0x00000004ddc00000, 0x00000005d1200000)
  region size 2048K, 21 young (43008K), 1 survivors (2048K)
 Metaspace       used 87863K, committed 89216K, reserved 1179648K
  class space    used 12809K, committed 13312K, reserved 1048576K
}
Event: 36696.758 GC heap after
{Heap after GC invocations=66 (full 0):
 garbage-first heap   total 83968K, used 34168K [0x00000004ddc00000, 0x00000005d1200000)
  region size 2048K, 1 young (2048K), 1 survivors (2048K)
 Metaspace       used 87863K, committed 89216K, reserved 1179648K
  class space    used 12809K, committed 13312K, reserved 1048576K
}
Event: 37209.600 GC heap before
{Heap before GC invocations=67 (full 0):
 garbage-first heap   total 83968K, used 75128K [0x00000004ddc00000, 0x00000005d1200000)
  region size 2048K, 21 young (43008K), 1 survivors (2048K)
 Metaspace       used 87862K, committed 89216K, reserved 1179648K
  class space    used 12808K, committed 13312K, reserved 1048576K
}
Event: 37209.605 GC heap after
{Heap after GC invocations=68 (full 0):
 garbage-first heap   total 83968K, used 34373K [0x00000004ddc00000, 0x00000005d1200000)
  region size 2048K, 1 young (2048K), 1 survivors (2048K)
 Metaspace       used 87862K, committed 89216K, reserved 1179648K
  class space    used 12808K, committed 13312K, reserved 1048576K
}
Event: 37772.589 GC heap before
{Heap before GC invocations=68 (full 0):
 garbage-first heap   total 83968K, used 75333K [0x00000004ddc00000, 0x00000005d1200000)
  region size 2048K, 21 young (43008K), 1 survivors (2048K)
 Metaspace       used 87862K, committed 89216K, reserved 1179648K
  class space    used 12808K, committed 13312K, reserved 1048576K
}
Event: 37772.596 GC heap after
{Heap after GC invocations=69 (full 0):
 garbage-first heap   total 83968K, used 33878K [0x00000004ddc00000, 0x00000005d1200000)
  region size 2048K, 1 young (2048K), 1 survivors (2048K)
 Metaspace       used 87862K, committed 89216K, reserved 1179648K
  class space    used 12808K, committed 13312K, reserved 1048576K
}
Event: 38318.593 GC heap before
{Heap before GC invocations=69 (full 0):
 garbage-first heap   total 83968K, used 74838K [0x00000004ddc00000, 0x00000005d1200000)
  region size 2048K, 21 young (43008K), 1 survivors (2048K)
 Metaspace       used 87863K, committed 89216K, reserved 1179648K
  class space    used 12809K, committed 13312K, reserved 1048576K
}
Event: 38318.595 GC heap after
{Heap after GC invocations=70 (full 0):
 garbage-first heap   total 83968K, used 33948K [0x00000004ddc00000, 0x00000005d1200000)
  region size 2048K, 1 young (2048K), 1 survivors (2048K)
 Metaspace       used 87863K, committed 89216K, reserved 1179648K
  class space    used 12809K, committed 13312K, reserved 1048576K
}
Event: 38834.294 GC heap before
{Heap before GC invocations=71 (full 0):
 garbage-first heap   total 83968K, used 74908K [0x00000004ddc00000, 0x00000005d1200000)
  region size 2048K, 21 young (43008K), 1 survivors (2048K)
 Metaspace       used 87864K, committed 89216K, reserved 1179648K
  class space    used 12809K, committed 13312K, reserved 1048576K
}
Event: 38834.298 GC heap after
{Heap after GC invocations=72 (full 0):
 garbage-first heap   total 83968K, used 34093K [0x00000004ddc00000, 0x00000005d1200000)
  region size 2048K, 1 young (2048K), 1 survivors (2048K)
 Metaspace       used 87864K, committed 89216K, reserved 1179648K
  class space    used 12809K, committed 13312K, reserved 1048576K
}
Event: 39401.587 GC heap before
{Heap before GC invocations=72 (full 0):
 garbage-first heap   total 83968K, used 75053K [0x00000004ddc00000, 0x00000005d1200000)
  region size 2048K, 21 young (43008K), 1 survivors (2048K)
 Metaspace       used 87864K, committed 89216K, reserved 1179648K
  class space    used 12809K, committed 13312K, reserved 1048576K
}
Event: 39401.599 GC heap after
{Heap after GC invocations=73 (full 0):
 garbage-first heap   total 83968K, used 33389K [0x00000004ddc00000, 0x00000005d1200000)
  region size 2048K, 1 young (2048K), 1 survivors (2048K)
 Metaspace       used 87864K, committed 89216K, reserved 1179648K
  class space    used 12809K, committed 13312K, reserved 1048576K
}
Event: 39960.588 GC heap before
{Heap before GC invocations=73 (full 0):
 garbage-first heap   total 83968K, used 76397K [0x00000004ddc00000, 0x00000005d1200000)
  region size 2048K, 22 young (45056K), 1 survivors (2048K)
 Metaspace       used 87866K, committed 89216K, reserved 1179648K
  class space    used 12810K, committed 13312K, reserved 1048576K
}
Event: 39960.589 GC heap after
{Heap after GC invocations=74 (full 0):
 garbage-first heap   total 83968K, used 33524K [0x00000004ddc00000, 0x00000005d1200000)
  region size 2048K, 1 young (2048K), 1 survivors (2048K)
 Metaspace       used 87866K, committed 89216K, reserved 1179648K
  class space    used 12810K, committed 13312K, reserved 1048576K
}
Event: 118260.487 GC heap before
{Heap before GC invocations=75 (full 0):
 garbage-first heap   total 83968K, used 76532K [0x00000004ddc00000, 0x00000005d1200000)
  region size 2048K, 22 young (45056K), 1 survivors (2048K)
 Metaspace       used 87864K, committed 89216K, reserved 1179648K
  class space    used 12809K, committed 13312K, reserved 1048576K
}
Event: 118260.490 GC heap after
{Heap after GC invocations=76 (full 0):
 garbage-first heap   total 83968K, used 33894K [0x00000004ddc00000, 0x00000005d1200000)
  region size 2048K, 1 young (2048K), 1 survivors (2048K)
 Metaspace       used 87864K, committed 89216K, reserved 1179648K
  class space    used 12809K, committed 13312K, reserved 1048576K
}
Event: 118854.100 GC heap before
{Heap before GC invocations=76 (full 0):
 garbage-first heap   total 83968K, used 76902K [0x00000004ddc00000, 0x00000005d1200000)
  region size 2048K, 22 young (45056K), 1 survivors (2048K)
 Metaspace       used 87864K, committed 89216K, reserved 1179648K
  class space    used 12809K, committed 13312K, reserved 1048576K
}
Event: 118854.157 GC heap after
{Heap after GC invocations=77 (full 0):
 garbage-first heap   total 83968K, used 33456K [0x00000004ddc00000, 0x00000005d1200000)
  region size 2048K, 1 young (2048K), 1 survivors (2048K)
 Metaspace       used 87864K, committed 89216K, reserved 1179648K
  class space    used 12809K, committed 13312K, reserved 1048576K
}

